INFO:root:Inference Time: 1.475348949432373
INFO:root:('MSE: ', '0.013411917723715305', ' MAE: ', '0.012972756288945675')
INFO:root:CONV. ZEROS: 0
INFO:root:CONV. WEIGHTS: 37200
INFO:root:CONV. RATIO: 0.0
INFO:root:
INFO:root:DENSE ZEROS: 0
INFO:root:DENSE WEIGHTS: 461824
INFO:root:DENSE RATIO: 0.0
INFO:root:
INFO:root:TOTAL ZEROS: 37200
INFO:root:TOTAL WEIGHTS: 500249
INFO:root:TOTAL RATIO: 0.07436296724231332
INFO:root:Inference Time: 1.4701447486877441
INFO:root:('MSE: ', '0.013296358287334442', ' MAE: ', '0.02184184640645981')
INFO:root:CONV. ZEROS: 0
INFO:root:CONV. WEIGHTS: 37200
INFO:root:CONV. RATIO: 0.0
INFO:root:
INFO:root:DENSE ZEROS: 0
INFO:root:DENSE WEIGHTS: 461824
INFO:root:DENSE RATIO: 0.0
INFO:root:
INFO:root:TOTAL ZEROS: 37200
INFO:root:TOTAL WEIGHTS: 500249
INFO:root:TOTAL RATIO: 0.07436296724231332
INFO:root:Inference Time: 1.5458698272705078
INFO:root:('MSE: ', '0.013759358786046505', ' MAE: ', '0.024171359837055206')
INFO:root:CONV. ZEROS: 0
INFO:root:CONV. WEIGHTS: 37200
INFO:root:CONV. RATIO: 0.0
INFO:root:
INFO:root:DENSE ZEROS: 0
INFO:root:DENSE WEIGHTS: 461824
INFO:root:DENSE RATIO: 0.0
INFO:root:
INFO:root:TOTAL ZEROS: 37200
INFO:root:TOTAL WEIGHTS: 500249
INFO:root:TOTAL RATIO: 0.07436296724231332
INFO:root:Inference Time: 1.5465493202209473
INFO:root:('MSE: ', '0.01327566523104906', ' MAE: ', '0.014621986076235771')
INFO:root:CONV. ZEROS: 0
INFO:root:CONV. WEIGHTS: 37200
INFO:root:CONV. RATIO: 0.0
INFO:root:
INFO:root:DENSE ZEROS: 0
INFO:root:DENSE WEIGHTS: 461824
INFO:root:DENSE RATIO: 0.0
INFO:root:
INFO:root:TOTAL ZEROS: 37200
INFO:root:TOTAL WEIGHTS: 500249
INFO:root:TOTAL RATIO: 0.07436296724231332
INFO:root:Inference Time: 1.5681865215301514
INFO:root:('MSE: ', '0.014041152782738209', ' MAE: ', '0.01836296170949936')
INFO:root:CONV. ZEROS: 0
INFO:root:CONV. WEIGHTS: 37200
INFO:root:CONV. RATIO: 0.0
INFO:root:
INFO:root:DENSE ZEROS: 0
INFO:root:DENSE WEIGHTS: 461824
INFO:root:DENSE RATIO: 0.0
INFO:root:
INFO:root:TOTAL ZEROS: 37200
INFO:root:TOTAL WEIGHTS: 500249
INFO:root:TOTAL RATIO: 0.07436296724231332
INFO:root:Inference Time: 1.5570614337921143
INFO:root:('MSE: ', '0.013704418204724789', ' MAE: ', '0.01617741398513317')
INFO:root:CONV. ZEROS: 0
INFO:root:CONV. WEIGHTS: 37200
INFO:root:CONV. RATIO: 0.0
INFO:root:
INFO:root:DENSE ZEROS: 0
INFO:root:DENSE WEIGHTS: 461824
INFO:root:DENSE RATIO: 0.0
INFO:root:
INFO:root:TOTAL ZEROS: 37200
INFO:root:TOTAL WEIGHTS: 500249
INFO:root:TOTAL RATIO: 0.07436296724231332
INFO:root:Inference Time: 1.4911997318267822
INFO:root:('MSE: ', '0.013244295492768288', ' MAE: ', '0.013861625455319881')
INFO:root:CONV. ZEROS: 0
INFO:root:CONV. WEIGHTS: 37200
INFO:root:CONV. RATIO: 0.0
INFO:root:
INFO:root:DENSE ZEROS: 0
INFO:root:DENSE WEIGHTS: 461824
INFO:root:DENSE RATIO: 0.0
INFO:root:
INFO:root:TOTAL ZEROS: 37200
INFO:root:TOTAL WEIGHTS: 500249
INFO:root:TOTAL RATIO: 0.07436296724231332
INFO:root:Inference Time: 1.836747169494629
INFO:root:('MSE: ', '0.01780114136636257', ' MAE: ', '0.02554289437830448')
INFO:root:CONV. ZEROS: 0
INFO:root:CONV. WEIGHTS: 37200
INFO:root:CONV. RATIO: 0.0
INFO:root:
INFO:root:DENSE ZEROS: 0
INFO:root:DENSE WEIGHTS: 5069824
INFO:root:DENSE RATIO: 0.0
INFO:root:
INFO:root:TOTAL ZEROS: 37200
INFO:root:TOTAL WEIGHTS: 5108249
INFO:root:TOTAL RATIO: 0.0072823388209932605
INFO:root:Inference Time: 1.8511862754821777
INFO:root:('MSE: ', '0.01780114136636257', ' MAE: ', '0.02554289437830448')
INFO:root:CONV. ZEROS: 0
INFO:root:CONV. WEIGHTS: 37200
INFO:root:CONV. RATIO: 0.0
INFO:root:
INFO:root:DENSE ZEROS: 0
INFO:root:DENSE WEIGHTS: 5069824
INFO:root:DENSE RATIO: 0.0
INFO:root:
INFO:root:TOTAL ZEROS: 37200
INFO:root:TOTAL WEIGHTS: 5108249
INFO:root:TOTAL RATIO: 0.0072823388209932605
