WARNING:tensorflow:Callbacks method `on_predict_batch_end` is slow compared to the batch time (batch time: 0.0020s vs `on_predict_batch_end` time: 0.0469s). Check your callbacks.
INFO:root:Inference Time: 6.007751226425171
INFO:root:('MSE: ', '0.008528613485395908', ' MAE: ', '0.03293517976999283')
INFO:root:CONV. ZEROS: 0
INFO:root:CONV. WEIGHTS: 37200
INFO:root:CONV. RATIO: 0.0
INFO:root:
INFO:root:DENSE ZEROS: 4
INFO:root:DENSE WEIGHTS: 51149824
INFO:root:DENSE RATIO: 7.820163760485276e-08
INFO:root:
INFO:root:TOTAL ZEROS: 37200
INFO:root:TOTAL WEIGHTS: 51188249
INFO:root:TOTAL RATIO: 0.000726729292889077
WARNING:tensorflow:Callbacks method `on_predict_batch_end` is slow compared to the batch time (batch time: 0.0020s vs `on_predict_batch_end` time: 0.0269s). Check your callbacks.
INFO:root:Inference Time: 3.836392402648926
INFO:root:('MSE: ', '0.00671405578032136', ' MAE: ', '0.03006157837808132')
INFO:root:CONV. ZEROS: 0
INFO:root:CONV. WEIGHTS: 37200
INFO:root:CONV. RATIO: 0.0
INFO:root:
INFO:root:DENSE ZEROS: 4
INFO:root:DENSE WEIGHTS: 51149824
INFO:root:DENSE RATIO: 7.820163760485276e-08
INFO:root:
INFO:root:TOTAL ZEROS: 37200
INFO:root:TOTAL WEIGHTS: 51188249
INFO:root:TOTAL RATIO: 0.000726729292889077
WARNING:tensorflow:Callbacks method `on_predict_batch_end` is slow compared to the batch time (batch time: 0.0010s vs `on_predict_batch_end` time: 0.0658s). Check your callbacks.
INFO:root:Inference Time: 8.20030951499939
INFO:root:('MSE: ', '0.05747595801949501', ' MAE: ', '0.053395096212625504')
INFO:root:CONV. ZEROS: 0
INFO:root:CONV. WEIGHTS: 37200
INFO:root:CONV. RATIO: 0.0
INFO:root:
INFO:root:DENSE ZEROS: 4
INFO:root:DENSE WEIGHTS: 51149824
INFO:root:DENSE RATIO: 7.820163760485276e-08
INFO:root:
INFO:root:TOTAL ZEROS: 37200
INFO:root:TOTAL WEIGHTS: 51188249
INFO:root:TOTAL RATIO: 0.000726729292889077
WARNING:tensorflow:Callbacks method `on_predict_batch_end` is slow compared to the batch time (batch time: 0.0020s vs `on_predict_batch_end` time: 0.0878s). Check your callbacks.
INFO:root:Inference Time: 10.803770303726196
INFO:root:('MSE: ', '0.046553757041692734', ' MAE: ', '0.052404046058654785')
INFO:root:CONV. ZEROS: 0
INFO:root:CONV. WEIGHTS: 37200
INFO:root:CONV. RATIO: 0.0
INFO:root:
INFO:root:DENSE ZEROS: 4
INFO:root:DENSE WEIGHTS: 51149824
INFO:root:DENSE RATIO: 7.820163760485276e-08
INFO:root:
INFO:root:TOTAL ZEROS: 37200
INFO:root:TOTAL WEIGHTS: 51188249
INFO:root:TOTAL RATIO: 0.000726729292889077
WARNING:tensorflow:Callbacks method `on_predict_batch_end` is slow compared to the batch time (batch time: 0.0020s vs `on_predict_batch_end` time: 0.0868s). Check your callbacks.
INFO:root:Inference Time: 28.025352478027344
INFO:root:('MSE: ', '0.027437349781394005', ' MAE: ', '0.03130132704973221')
INFO:root:CONV. ZEROS: 0
INFO:root:CONV. WEIGHTS: 37200
INFO:root:CONV. RATIO: 0.0
INFO:root:
INFO:root:DENSE ZEROS: 1
INFO:root:DENSE WEIGHTS: 51149824
INFO:root:DENSE RATIO: 1.955040940121319e-08
INFO:root:
INFO:root:TOTAL ZEROS: 37200
INFO:root:TOTAL WEIGHTS: 51188249
INFO:root:TOTAL RATIO: 0.000726729292889077
WARNING:tensorflow:Callbacks method `on_predict_batch_end` is slow compared to the batch time (batch time: 0.0020s vs `on_predict_batch_end` time: 0.0895s). Check your callbacks.
INFO:root:Inference Time: 28.193293809890747
INFO:root:('MSE: ', '0.16765974462032318', ' MAE: ', '0.07895441353321075')
INFO:root:CONV. ZEROS: 0
INFO:root:CONV. WEIGHTS: 37200
INFO:root:CONV. RATIO: 0.0
INFO:root:
INFO:root:DENSE ZEROS: 0
INFO:root:DENSE WEIGHTS: 51149824
INFO:root:DENSE RATIO: 0.0
INFO:root:
INFO:root:TOTAL ZEROS: 37200
INFO:root:TOTAL WEIGHTS: 51188249
INFO:root:TOTAL RATIO: 0.000726729292889077
WARNING:tensorflow:Callbacks method `on_predict_batch_end` is slow compared to the batch time (batch time: 0.0020s vs `on_predict_batch_end` time: 0.0888s). Check your callbacks.
INFO:root:Inference Time: 28.35424280166626
INFO:root:('MSE: ', '0.16765974462032318', ' MAE: ', '0.07895441353321075')
INFO:root:CONV. ZEROS: 0
INFO:root:CONV. WEIGHTS: 37200
INFO:root:CONV. RATIO: 0.0
INFO:root:
INFO:root:DENSE ZEROS: 0
INFO:root:DENSE WEIGHTS: 51149824
INFO:root:DENSE RATIO: 0.0
INFO:root:
INFO:root:TOTAL ZEROS: 37200
INFO:root:TOTAL WEIGHTS: 51188249
INFO:root:TOTAL RATIO: 0.000726729292889077
